<?xml version="1.0" encoding="UTF-8"?>
<!-- Generated by org.testng.reporters.JUnitXMLReporter -->
<testsuite ignored="0" hostname="DESKTOP-6E13JVC" failures="0" tests="6" name="Test" time="0.143" errors="0" timestamp="2022-08-25T17:36:17 IST">
  <testcase classname="com.qa.selenium.InvocationCount_Groups_Enabled_Priority" name="CreateUser" time="0.013"/>
  <testcase classname="com.qa.selenium.InvocationCount_Groups_Enabled_Priority" name="createProduct" time="0.006"/>
  <testcase classname="com.qa.selenium.InvocationCount_Groups_Enabled_Priority" name="editProduct" time="0.003"/>
  <testcase classname="com.qa.selenium.InvocationCount_Groups_Enabled_Priority" name="editUser" time="0.003"/>
  <testcase classname="com.qa.selenium.InvocationCount_Groups_Enabled_Priority" name="deleteProduct" time="0.006"/>
  <testcase classname="com.qa.selenium.InvocationCount_Groups_Enabled_Priority" name="deleteUser" time="0.006"/>
</testsuite> <!-- Test -->
